android/build/outputs/logs/manifest-merger-release-report.txt
-- Merging decision tree log ---
manifest
ADDED from Battlefront\android\AndroidManifest.xml:2:1-27:12
	package
		ADDED from Battlefront\android\AndroidManifest.xml:3:5-29
		INJECTED from Battlefront\android\AndroidManifest.xml
		INJECTED from Battlefront\android\AndroidManifest.xml
	android:versionName
		INJECTED from Battlefront\android\AndroidManifest.xml
		INJECTED from Battlefront\android\AndroidManifest.xml
	xmlns:android
		ADDED from Battlefront\android\AndroidManifest.xml:2:11-69
	android:versionCode
		INJECTED from Battlefront\android\AndroidManifest.xml
		INJECTED from Battlefront\android\AndroidManifest.xml
uses-sdk
ADDED from Battlefront\android\AndroidManifest.xml:5:5-73
MERGED from [com.google.android.gms:play-services-ads:11.2.0] AndroidManifest.xml:17:5-94
MERGED from [com.google.android.gms:play-services-ads-lite:11.2.0] AndroidManifest.xml:22:5-43
MERGED from [com.google.android.gms:play-services-gass:11.2.0] AndroidManifest.xml:3:5-43
MERGED from [com.google.android.gms:play-services-basement:11.2.0] AndroidManifest.xml:17:5-43
MERGED from [com.android.support:support-v4:25.2.0] AndroidManifest.xml:21:5-23:54
MERGED from [com.android.support:support-fragment:25.2.0] AndroidManifest.xml:21:5-23:60
MERGED from [com.android.support:support-media-compat:25.2.0] AndroidManifest.xml:21:5-23:63
MERGED from [com.android.support:support-core-ui:25.2.0] AndroidManifest.xml:21:5-23:58
MERGED from [com.android.support:support-core-utils:25.2.0] AndroidManifest.xml:21:5-23:61
MERGED from [com.android.support:support-compat:25.2.0] AndroidManifest.xml:21:5-23:58
MERGED from [com.android.billingclient:billing:2.2.1] AndroidManifest.xml:6:5-8:41
	tools:overrideLibrary
		ADDED from [com.google.android.gms:play-services-ads:11.2.0] AndroidManifest.xml:17:42-92
	android:targetSdkVersion
		ADDED from Battlefront\android\AndroidManifest.xml:5:41-70
		INJECTED from Battlefront\android\AndroidManifest.xml
		INJECTED from Battlefront\android\AndroidManifest.xml
	android:minSdkVersion
		ADDED from Battlefront\android\AndroidManifest.xml:5:15-40
		INJECTED from Battlefront\android\AndroidManifest.xml
		INJECTED from Battlefront\android\AndroidManifest.xml
uses-permission#android.permission.INTERNET
ADDED from Battlefront\android\AndroidManifest.xml:6:5-66
MERGED from [com.google.android.gms:play-services-ads-lite:11.2.0] AndroidManifest.xml:19:5-66
	android:name
		ADDED from Battlefront\android\AndroidManifest.xml:6:22-64
uses-permission#android.permission.ACCESS_WIFI_STATE
ADDED from Battlefront\android\AndroidManifest.xml:7:5-75
	android:name
		ADDED from Battlefront\android\AndroidManifest.xml:7:22-73
uses-permission#android.permission.ACCESS_NETWORK_STATE
ADDED from Battlefront\android\AndroidManifest.xml:8:5-79
MERGED from [com.google.android.gms:play-services-ads-lite:11.2.0] AndroidManifest.xml:20:5-78
	android:name
		ADDED from Battlefront\android\AndroidManifest.xml:8:22-76
uses-permission#com.android.vending.BILLING
ADDED from Battlefront\android\AndroidManifest.xml:9:5-66
MERGED from [com.android.billingclient:billing:2.2.1] AndroidManifest.xml:10:5-67
	android:name
		ADDED from Battlefront\android\AndroidManifest.xml:9:22-64
application
ADDED from Battlefront\android\AndroidManifest.xml:10:5-25:19
MERGED from [com.google.android.gms:play-services-ads-lite:11.2.0] AndroidManifest.xml:23:5-26:19
MERGED from [com.google.android.gms:play-services-gass:11.2.0] AndroidManifest.xml:4:5-19
MERGED from [com.google.android.gms:play-services-basement:11.2.0] AndroidManifest.xml:19:5-21:19
MERGED from [com.android.support:support-v4:25.2.0] AndroidManifest.xml:25:5-20
MERGED from [com.android.support:support-fragment:25.2.0] AndroidManifest.xml:25:5-20
MERGED from [com.android.support:support-media-compat:25.2.0] AndroidManifest.xml:25:5-20
MERGED from [com.android.support:support-core-ui:25.2.0] AndroidManifest.xml:25:5-20
MERGED from [com.android.support:support-core-utils:25.2.0] AndroidManifest.xml:25:5-20
MERGED from [com.android.support:support-compat:25.2.0] AndroidManifest.xml:25:5-20
MERGED from [com.android.billingclient:billing:2.2.1] AndroidManifest.xml:12:5-21:19
	android:label
		ADDED from Battlefront\android\AndroidManifest.xml:13:9-41
	android:allowBackup
		ADDED from Battlefront\android\AndroidManifest.xml:11:9-35
	android:icon
		ADDED from Battlefront\android\AndroidManifest.xml:12:9-45
	android:theme
		ADDED from Battlefront\android\AndroidManifest.xml:14:9-40
activity#com.mygdx.game.AndroidLauncher
ADDED from Battlefront\android\AndroidManifest.xml:15:9-24:20
	android:screenOrientation
		ADDED from Battlefront\android\AndroidManifest.xml:18:13-49
	android:label
		ADDED from Battlefront\android\AndroidManifest.xml:17:13-45
	android:configChanges
		ADDED from Battlefront\android\AndroidManifest.xml:19:13-94
	android:name
		ADDED from Battlefront\android\AndroidManifest.xml:16:13-58
intent-filter#android.intent.action.MAIN+android.intent.category.LAUNCHER
ADDED from Battlefront\android\AndroidManifest.xml:20:13-23:29
action#android.intent.action.MAIN
ADDED from Battlefront\android\AndroidManifest.xml:21:17-69
	android:name
		ADDED from Battlefront\android\AndroidManifest.xml:21:25-66
category#android.intent.category.LAUNCHER
ADDED from Battlefront\android\AndroidManifest.xml:22:17-77
	android:name
		ADDED from Battlefront\android\AndroidManifest.xml:22:27-74
activity#com.google.android.gms.ads.AdActivity
ADDED from [com.google.android.gms:play-services-ads-lite:11.2.0] AndroidManifest.xml:25:9-257
	android:exported
		ADDED from [com.google.android.gms:play-services-ads-lite:11.2.0] AndroidManifest.xml:25:231-255
	android:configChanges
		ADDED from [com.google.android.gms:play-services-ads-lite:11.2.0] AndroidManifest.xml:25:72-181
	android:theme
		ADDED from [com.google.android.gms:play-services-ads-lite:11.2.0] AndroidManifest.xml:25:182-230
	android:name
		ADDED from [com.google.android.gms:play-services-ads-lite:11.2.0] AndroidManifest.xml:25:19-71
meta-data#com.google.android.gms.version
ADDED from [com.google.android.gms:play-services-basement:11.2.0] AndroidManifest.xml:20:9-121
	android:value
		ADDED from [com.google.android.gms:play-services-basement:11.2.0] AndroidManifest.xml:20:66-119
	android:name
		ADDED from [com.google.android.gms:play-services-basement:11.2.0] AndroidManifest.xml:20:20-65
meta-data#com.google.android.play.billingclient.version
ADDED from [com.android.billingclient:billing:2.2.1] AndroidManifest.xml:13:9-15:37
	android:value
		ADDED from [com.android.billingclient:billing:2.2.1] AndroidManifest.xml:15:13-34
	android:name
		ADDED from [com.android.billingclient:billing:2.2.1] AndroidManifest.xml:14:13-73
activity#com.android.billingclient.api.ProxyBillingActivity
ADDED from [com.android.billingclient:billing:2.2.1] AndroidManifest.xml:17:9-20:75
	android:configChanges
		ADDED from [com.android.billingclient:billing:2.2.1] AndroidManifest.xml:19:13-96
	android:theme
		ADDED from [com.android.billingclient:billing:2.2.1] AndroidManifest.xml:20:13-72
	android:name
		ADDED from [com.android.billingclient:billing:2.2.1] AndroidManifest.xml:18:13-78